<?xml version="1.0" encoding="UTF-8"?>
<!-- Generated by org.testng.reporters.JUnitXMLReporter -->
<testsuite ignored="1" hostname="Katya-HP" failures="0" tests="1" name="NegativeTests" time="13.247" errors="0" timestamp="03 Jul 2019 19:49:19 GMT">
  <testcase classname="com.herokuapp.theinternet.NegativeTests" name="negativeUsername" time="13.211"/>
  <testcase classname="com.herokuapp.theinternet.NegativeTests" name="incorrectPassword" time="0.0">
    <ignored/>
  </testcase> <!-- incorrectPassword -->
</testsuite> <!-- NegativeTests -->
