<?xml version="1.0" encoding="UTF-8"?>
<!-- Generated by org.testng.reporters.JUnitXMLReporter -->
<testsuite ignored="1" hostname="Katya-HP" failures="1" tests="1" name="PositiveLoginTest" time="5.396" errors="0" timestamp="08 Jul 2019 19:04:39 GMT">
  <testcase classname="com.herokuapp.theinternet.LoginTests" name="positiveLoginTest" time="5.377">
    <failure type="java.lang.AssertionError" message="Actual message does not contain expected message.
Actual Message: You logged into a secure area!
×
Expected Messga:  Your username is invalid! expected [true] but found [false]">
      <![CDATA[java.lang.AssertionError: Actual message does not contain expected message.
Actual Message: You logged into a secure area!
×
Expected Messga:  Your username is invalid! expected [true] but found [false]
at com.herokuapp.theinternet.LoginTests.positiveLoginTest(LoginTests.java:55)
... Removed 28 stack frames]]>
    </failure>
  </testcase> <!-- positiveLoginTest -->
  <testcase classname="com.herokuapp.theinternet.LoginTests" name="negativeLoginTest" time="0.0">
    <ignored/>
  </testcase> <!-- negativeLoginTest -->
</testsuite> <!-- PositiveLoginTest -->
