<?xml version="1.0" encoding="UTF-8"?>
<!-- Generated by org.testng.reporters.JUnitXMLReporter -->
<testsuite ignored="1" hostname="Katya-HP" failures="0" tests="1" name="PositiveLoginTest" time="39.023" errors="0" timestamp="16 Jul 2019 18:28:39 GMT">
  <testcase classname="com.herokuapp.theinternet.LoginTests" name="positiveLoginTest" time="8.563"/>
  <testcase classname="com.herokuapp.theinternet.LoginTests" name="negativeLoginTest" time="0.0">
    <ignored/>
  </testcase> <!-- negativeLoginTest -->
</testsuite> <!-- PositiveLoginTest -->
