<?xml version="1.0" encoding="UTF-8"?>
<testng-results ignored="0" total="3" passed="3" failed="0" skipped="0">
  <reporter-output>
  </reporter-output>
  <suite started-at="2019-07-03T19:14:27Z" name="AllTests" finished-at="2019-07-03T19:15:55Z" duration-ms="87923">
    <groups>
    </groups>
    <test started-at="2019-07-03T19:14:27Z" name="PositiveTests" finished-at="2019-07-03T19:15:03Z" duration-ms="35289">
      <class name="com.herokuapp.theinternet.PositiveTests">
        <test-method signature="loginTest()[pri:0, instance:com.herokuapp.theinternet.PositiveTests@54d9d12d]" started-at="2019-07-03T19:14:27Z" name="loginTest" finished-at="2019-07-03T19:15:03Z" duration-ms="35259" status="PASS">
          <reporter-output>
          </reporter-output>
        </test-method> <!-- loginTest -->
      </class> <!-- com.herokuapp.theinternet.PositiveTests -->
    </test> <!-- PositiveTests -->
    <test started-at="2019-07-03T19:15:03Z" name="NegativeTests" finished-at="2019-07-03T19:15:55Z" duration-ms="52326">
      <class name="com.herokuapp.theinternet.NegativeTests">
        <test-method signature="negativeUsername()[pri:1, instance:com.herokuapp.theinternet.NegativeTests@179ece50]" started-at="2019-07-03T19:15:03Z" name="negativeUsername" finished-at="2019-07-03T19:15:47Z" duration-ms="44223" status="PASS">
          <reporter-output>
          </reporter-output>
        </test-method> <!-- negativeUsername -->
        <test-method signature="incorrectPassword()[pri:2, instance:com.herokuapp.theinternet.NegativeTests@179ece50]" started-at="2019-07-03T19:15:47Z" name="incorrectPassword" finished-at="2019-07-03T19:15:55Z" duration-ms="8102" status="PASS">
          <reporter-output>
          </reporter-output>
        </test-method> <!-- incorrectPassword -->
      </class> <!-- com.herokuapp.theinternet.NegativeTests -->
    </test> <!-- NegativeTests -->
  </suite> <!-- AllTests -->
</testng-results>
