<?xml version="1.0" encoding="UTF-8"?>
<testsuite xmlns:xsi="http://www.w3.org/2001/XMLSchema-instance" xsi:noNamespaceSchemaLocation="https://maven.apache.org/surefire/maven-surefire-plugin/xsd/surefire-test-report-3.0.xsd" version="3.0" name="TestSuite" time="91.457" tests="3" errors="0" skipped="0" failures="0">
  <properties>
[...]
</properties>
  <testcase name="loginTest" classname="com.herokuapp.theinternet.PositiveTests" time="35.26"/>
  <testcase name="negativeUsername" classname="com.herokuapp.theinternet.NegativeTests" time="44.223"/>
  <testcase name="incorrectPassword" classname="com.herokuapp.theinternet.NegativeTests" time="8.102"/>
</testsuite>