<?xml version="1.0" encoding="UTF-8"?>
<!-- Generated by org.testng.reporters.JUnitXMLReporter -->
<testsuite ignored="0" hostname="Katya-HP" failures="1" tests="1" name="notVisibleTest" time="5.575" errors="0" timestamp="17 Jul 2019 13:44:13 GMT">
  <testcase classname="com.herokuapp.theinternet.ExceptionsTest" name="notVisibleTest" time="0.881">
    <failure type="java.lang.AssertionError" message="Actual message does not contain expected message.
Actual Message: 
Expected Messga:  Hello World! expected [true] but found [false]">
      <![CDATA[java.lang.AssertionError: Actual message does not contain expected message.
Actual Message: 
Expected Messga:  Hello World! expected [true] but found [false]
at com.herokuapp.theinternet.ExceptionsTest.notVisibleTest(ExceptionsTest.java:68)
... Removed 28 stack frames]]>
    </failure>
  </testcase> <!-- notVisibleTest -->
</testsuite> <!-- notVisibleTest -->
