<?xml version="1.0" encoding="UTF-8"?>
<!-- Generated by org.testng.reporters.JUnitXMLReporter -->
<testsuite ignored="4" hostname="Katya-HP" failures="0" tests="1" name="Exceptions Test" time="8.719" errors="0" timestamp="19 Jul 2019 17:16:01 GMT">
  <testcase classname="com.herokuapp.theinternet.ExceptionsTest" name="disabledElementTest" time="4.136"/>
  <testcase classname="com.herokuapp.theinternet.ExceptionsTest" name="timeOutTest" time="0.0">
    <ignored/>
  </testcase> <!-- timeOutTest -->
  <testcase classname="com.herokuapp.theinternet.ExceptionsTest" name="notVisibleTest" time="0.0">
    <ignored/>
  </testcase> <!-- notVisibleTest -->
  <testcase classname="com.herokuapp.theinternet.ExceptionsTest" name="noSuchElementTest" time="0.0">
    <ignored/>
  </testcase> <!-- noSuchElementTest -->
  <testcase classname="com.herokuapp.theinternet.ExceptionsTest" name="staleElementTest" time="0.0">
    <ignored/>
  </testcase> <!-- staleElementTest -->
</testsuite> <!-- Exceptions Test -->
