<?xml version="1.0" encoding="UTF-8"?>
<!-- Generated by org.testng.reporters.JUnitXMLReporter -->
<testsuite ignored="1" hostname="Katya-HP" failures="0" tests="1" name="timeOutTest" time="10.908" errors="0" timestamp="17 Jul 2019 14:55:50 GMT">
  <testcase classname="com.herokuapp.theinternet.ExceptionsTest" name="timeOutTest" time="6.201"/>
  <testcase classname="com.herokuapp.theinternet.ExceptionsTest" name="notVisibleTest" time="0.0">
    <ignored/>
  </testcase> <!-- notVisibleTest -->
</testsuite> <!-- timeOutTest -->
